	Repeat with file 2
AMBP_MOUSE_Prism3.csv
	Repeat with file 3
ANT3_MOUSE_Prism3.csv
	Repeat with file 4
APOA1_MOUSE_Prism3.csv
	Repeat with file 5
APOA2_MOUSE_Prism3.csv
	Repeat with file 6
APOC3_MOUSE_Prism3.csv
	Repeat with file 7
APOH_MOUSE_Prism3.csv
	Repeat with file 8
B2MG_MOUSE_Prism3.csv
	Repeat with file 9
CD5L_MOUSE_Prism3.csv
	Repeat with file 10
CFAB_MOUSE_Prism3.csv
	Repeat with file 11
CFAD_MOUSE_Prism3.csv
	Repeat with file 12
CFAH_MOUSE_Prism3.csv
	Repeat with file 13
CFAI_MOUSE_Prism3.csv
	Repeat with file 14
CO3_MOUSE_Prism3.csv
	Repeat with file 15
CO4B_MOUSE_Prism3.csv
	Repeat with file 16
CO8A_MOUSE_Prism3.csv
	Repeat with file 17
CO8B_MOUSE_Prism3.csv
	Repeat with file 18
CPN2_MOUSE_Prism3.csv
	Repeat with file 19
EGFR_MOUSE_Prism3.csv
	Repeat with file 20
FETUA_MOUSE_Prism3.csv
	Repeat with file 21
FETUB_MOUSE_Prism3.csv
	Repeat with file 22
FIBA_MOUSE_Prism3.csv
	Repeat with file 23
HBA_MOUSE_Prism3.csv
	Repeat with file 24
HBB1_MOUSE_Prism3.csv
	Repeat with file 25
HEMO_MOUSE_Prism3.csv
	Repeat with file 26
HRG_MOUSE_Prism3.csv
	Repeat with file 27
ICA_MOUSE_Prism3.csv
	Repeat with file 28
IGHM_MOUSE_Prism3.csv
	Repeat with file 29
ITIH3_MOUSE_Prism3.csv
	Repeat with file 30
ITIH4_MOUSE_Prism3.csv
	Repeat with file 31
KNG1_MOUSE_Prism3.csv
	Repeat with file 32
MUG1_MOUSE_Prism3.csv
	Repeat with file 33
PLMN_MOUSE_Prism3.csv
	Repeat with file 34
PROP_MOUSE_Prism3.csv
	Repeat with file 35
PZP_MOUSE_Prism3.csv
	Repeat with file 36
SEPP1_MOUSE_Prism3.csv
	Repeat with file 37
SPA3K_MOUSE_Prism3.csv
	Repeat with file 38
THRB_MOUSE_Prism3.csv
	Repeat with file 39
TRFE_MOUSE_Prism3.csv
	Repeat with file 40
VTDB_MOUSE_Prism3.csv
	Repeat with file 41
VTNC_MOUSE_Prism3.csv
COMPLETE! No Errors.
